0 info it worked if it ends with ok
1 verbose cli [ '/usr/local/bin/node',
1 verbose cli   '/usr/local/bin/npm',
1 verbose cli   'install',
1 verbose cli   '-g',
1 verbose cli   'learnyounode' ]
2 info using npm@2.14.12
3 info using node@v4.2.6
4 verbose install initial load of /usr/local/lib/package.json
5 verbose readDependencies loading dependencies from /usr/local/lib/package.json
6 silly cache add args [ 'learnyounode', null ]
7 verbose cache add spec learnyounode
8 silly cache add parsed spec Result {
8 silly cache add   raw: 'learnyounode',
8 silly cache add   scope: null,
8 silly cache add   name: 'learnyounode',
8 silly cache add   rawSpec: '',
8 silly cache add   spec: 'latest',
8 silly cache add   type: 'tag' }
9 silly addNamed learnyounode@latest
10 verbose addNamed "latest" is being treated as a dist-tag for learnyounode
11 info addNameTag [ 'learnyounode', 'latest' ]
12 silly mapToRegistry name learnyounode
13 silly mapToRegistry using default registry
14 silly mapToRegistry registry https://registry.npmjs.org/
15 silly mapToRegistry uri https://registry.npmjs.org/learnyounode
16 verbose addNameTag registry:https://registry.npmjs.org/learnyounode not in flight; fetching
17 verbose request uri https://registry.npmjs.org/learnyounode
18 verbose request no auth needed
19 info attempt registry request try #1 at 7:44:52 PM
20 verbose request id 7998a3337548673c
21 verbose etag "8HC7QRXMMI26YQK5FZ462IAHC"
22 http request GET https://registry.npmjs.org/learnyounode
23 http 304 https://registry.npmjs.org/learnyounode
24 verbose headers { date: 'Thu, 04 Feb 2016 02:44:53 GMT',
24 verbose headers   via: '1.1 varnish',
24 verbose headers   'cache-control': 'max-age=300',
24 verbose headers   etag: '"8HC7QRXMMI26YQK5FZ462IAHC"',
24 verbose headers   age: '246',
24 verbose headers   connection: 'keep-alive',
24 verbose headers   'x-served-by': 'cache-lax1422-LAX',
24 verbose headers   'x-cache': 'HIT',
24 verbose headers   'x-cache-hits': '1',
24 verbose headers   'x-timer': 'S1454553893.392798,VS0,VE0',
24 verbose headers   vary: 'Accept' }
25 silly get cb [ 304,
25 silly get   { date: 'Thu, 04 Feb 2016 02:44:53 GMT',
25 silly get     via: '1.1 varnish',
25 silly get     'cache-control': 'max-age=300',
25 silly get     etag: '"8HC7QRXMMI26YQK5FZ462IAHC"',
25 silly get     age: '246',
25 silly get     connection: 'keep-alive',
25 silly get     'x-served-by': 'cache-lax1422-LAX',
25 silly get     'x-cache': 'HIT',
25 silly get     'x-cache-hits': '1',
25 silly get     'x-timer': 'S1454553893.392798,VS0,VE0',
25 silly get     vary: 'Accept' } ]
26 verbose etag https://registry.npmjs.org/learnyounode from cache
27 verbose get saving learnyounode to /Users/Kimbo/.npm/registry.npmjs.org/learnyounode/.cache.json
28 silly addNameTag next cb for learnyounode with tag latest
29 silly addNamed learnyounode@3.4.0
30 verbose addNamed "3.4.0" is a plain semver version for learnyounode
31 silly cache afterAdd learnyounode@3.4.0
32 verbose afterAdd /Users/Kimbo/.npm/learnyounode/3.4.0/package/package.json not in flight; writing
33 verbose afterAdd /Users/Kimbo/.npm/learnyounode/3.4.0/package/package.json written
34 silly install resolved [ { name: 'learnyounode',
34 silly install resolved     version: '3.4.0',
34 silly install resolved     description: 'Learn You The Node.js For Much Win! An intro to Node.js via a set of self-guided workshops.',
34 silly install resolved     author:
34 silly install resolved      { name: 'Rod Vagg',
34 silly install resolved        email: 'rod@vagg.org',
34 silly install resolved        url: 'https://github.com/rvagg' },
34 silly install resolved     contributors:
34 silly install resolved      [ [Object],
34 silly install resolved        [Object],
34 silly install resolved        [Object],
34 silly install resolved        [Object],
34 silly install resolved        [Object],
34 silly install resolved        [Object],
34 silly install resolved        [Object],
34 silly install resolved        [Object],
34 silly install resolved        [Object],
34 silly install resolved        [Object],
34 silly install resolved        [Object],
34 silly install resolved        [Object],
34 silly install resolved        [Object],
34 silly install resolved        [Object],
34 silly install resolved        [Object],
34 silly install resolved        [Object],
34 silly install resolved        [Object],
34 silly install resolved        [Object],
34 silly install resolved        [Object],
34 silly install resolved        [Object],
34 silly install resolved        [Object],
34 silly install resolved        [Object],
34 silly install resolved        [Object],
34 silly install resolved        [Object],
34 silly install resolved        [Object],
34 silly install resolved        [Object],
34 silly install resolved        [Object],
34 silly install resolved        [Object],
34 silly install resolved        [Object],
34 silly install resolved        [Object],
34 silly install resolved        [Object],
34 silly install resolved        [Object],
34 silly install resolved        [Object],
34 silly install resolved        [Object],
34 silly install resolved        [Object],
34 silly install resolved        [Object],
34 silly install resolved        [Object],
34 silly install resolved        [Object],
34 silly install resolved        [Object] ],
34 silly install resolved     repository:
34 silly install resolved      { type: 'git',
34 silly install resolved        url: 'git+https://github.com/workshopper/learnyounode.git' },
34 silly install resolved     license: 'MIT',
34 silly install resolved     dependencies:
34 silly install resolved      { after: '~0.8.1',
34 silly install resolved        bl: '~1.0.0',
34 silly install resolved        boganipsum: '~0.1.0',
34 silly install resolved        'colors-tmpl': '~1.0.0',
34 silly install resolved        'combined-stream': '~1.0.5',
34 silly install resolved        'concat-stream': '~1.5.1',
34 silly install resolved        duplexer: '~0.1.1',
34 silly install resolved        hyperquest: '~1.2.0',
34 silly install resolved        rimraf: '~2.5.1',
34 silly install resolved        through: '~2.3.6',
34 silly install resolved        through2: '~2.0.0',
34 silly install resolved        'through2-map': '~2.0.0',
34 silly install resolved        'workshopper-adventure': '^4.4.5',
34 silly install resolved        'workshopper-exercise': '^2.6.0',
34 silly install resolved        'workshopper-wrappedexec': '~0.1.1' },
34 silly install resolved     devDependencies: { 'workshopper-adventure-test': '~1.0.1' },
34 silly install resolved     scripts: { test: 'workshopper-adventure-test' },
34 silly install resolved     bin: { learnyounode: './bin/learnyounode' },
34 silly install resolved     main: './learnyounode.js',
34 silly install resolved     preferGlobal: true,
34 silly install resolved     gitHead: 'aae7299be9e022ce8bc86df2e353ab99e743fb76',
34 silly install resolved     bugs: { url: 'https://github.com/workshopper/learnyounode/issues' },
34 silly install resolved     homepage: 'https://github.com/workshopper/learnyounode#readme',
34 silly install resolved     _id: 'learnyounode@3.4.0',
34 silly install resolved     _shasum: 'a41a640e8ff72259d39bc40835d7327d4b544ec5',
34 silly install resolved     _from: 'learnyounode@latest',
34 silly install resolved     _npmVersion: '3.3.9',
34 silly install resolved     _nodeVersion: '5.0.0',
34 silly install resolved     _npmUser: { name: 'leichtgewicht', email: 'martin.heidegger@gmail.com' },
34 silly install resolved     dist:
34 silly install resolved      { shasum: 'a41a640e8ff72259d39bc40835d7327d4b544ec5',
34 silly install resolved        tarball: 'http://registry.npmjs.org/learnyounode/-/learnyounode-3.4.0.tgz' },
34 silly install resolved     maintainers: [ [Object], [Object], [Object] ],
34 silly install resolved     directories: {},
34 silly install resolved     _resolved: 'https://registry.npmjs.org/learnyounode/-/learnyounode-3.4.0.tgz',
34 silly install resolved     readme: 'ERROR: No README data found!' } ]
35 info install learnyounode@3.4.0 into /usr/local/lib
36 info installOne learnyounode@3.4.0
37 verbose installOne of learnyounode to /usr/local/lib not in flight; installing
38 verbose lock using /Users/Kimbo/.npm/_locks/learnyounode-3267a39f0ae1a4f5.lock for /usr/local/lib/node_modules/learnyounode
39 silly install write writing learnyounode 3.4.0 to /usr/local/lib/node_modules/learnyounode
40 verbose unbuild lib/node_modules/learnyounode
41 silly gentlyRm /usr/local/lib/node_modules/learnyounode is being purged from base /usr/local
42 verbose gentlyRm don't care about contents; nuking /usr/local/lib/node_modules/learnyounode
43 verbose tar unpack /Users/Kimbo/.npm/learnyounode/3.4.0/package.tgz
44 verbose tar unpacking to /usr/local/lib/node_modules/learnyounode
45 silly gentlyRm /usr/local/lib/node_modules/learnyounode is being purged
46 verbose gentlyRm don't care about contents; nuking /usr/local/lib/node_modules/learnyounode
47 silly gunzTarPerm modes [ '755', '644' ]
48 error tar.unpack untar error /Users/Kimbo/.npm/learnyounode/3.4.0/package.tgz
49 verbose unlock done using /Users/Kimbo/.npm/_locks/learnyounode-3267a39f0ae1a4f5.lock for /usr/local/lib/node_modules/learnyounode
50 verbose fstream_path /usr/local/lib/node_modules/learnyounode
51 verbose fstream_type Directory
52 verbose fstream_class DirWriter
53 verbose stack Error: EACCES: permission denied, mkdir '/usr/local/lib/node_modules/learnyounode'
53 verbose stack     at Error (native)
54 verbose fstream_stack /usr/local/lib/node_modules/npm/node_modules/fstream/lib/dir-writer.js:35:25
54 verbose fstream_stack /usr/local/lib/node_modules/npm/node_modules/mkdirp/index.js:47:53
54 verbose fstream_stack FSReqWrap.oncomplete (fs.js:82:15)
55 verbose cwd /Users/Kimbo/Code/201R
56 error Darwin 15.2.0
57 error argv "/usr/local/bin/node" "/usr/local/bin/npm" "install" "-g" "learnyounode"
58 error node v4.2.6
59 error npm  v2.14.12
60 error path /usr/local/lib/node_modules/learnyounode
61 error code EACCES
62 error errno -13
63 error syscall mkdir
64 error Error: EACCES: permission denied, mkdir '/usr/local/lib/node_modules/learnyounode'
64 error     at Error (native)
64 error  { [Error: EACCES: permission denied, mkdir '/usr/local/lib/node_modules/learnyounode']
64 error   errno: -13,
64 error   code: 'EACCES',
64 error   syscall: 'mkdir',
64 error   path: '/usr/local/lib/node_modules/learnyounode',
64 error   fstream_type: 'Directory',
64 error   fstream_path: '/usr/local/lib/node_modules/learnyounode',
64 error   fstream_class: 'DirWriter',
64 error   fstream_stack:
64 error    [ '/usr/local/lib/node_modules/npm/node_modules/fstream/lib/dir-writer.js:35:25',
64 error      '/usr/local/lib/node_modules/npm/node_modules/mkdirp/index.js:47:53',
64 error      'FSReqWrap.oncomplete (fs.js:82:15)' ] }
65 error Please try running this command again as root/Administrator.
66 verbose exit [ -13, true ]
67 verbose unbuild lib/node_modules/learnyounode
68 silly gentlyRm /usr/local/lib/node_modules/learnyounode is being purged from base /usr/local
69 verbose gentlyRm don't care about contents; nuking /usr/local/lib/node_modules/learnyounode
